[INFO] Scanning for projects...
[INFO] 
[INFO] ----------------< io.github.thebusybiscuit:MobCapturer >----------------
[INFO] Building MobCapturer EFI - 7 (git 8b6150cf)
[INFO] --------------------------------[ jar ]---------------------------------
[INFO] Downloading from spigot-repo: https://hub.spigotmc.org/nexus/content/repositories/snapshots/org/spigotmc/spigot-api/1.15.2-R0.1-SNAPSHOT/maven-metadata.xml
[INFO] Downloading from paper-repo: https://repo.destroystokyo.com/repository/maven-public/org/spigotmc/spigot-api/1.15.2-R0.1-SNAPSHOT/maven-metadata.xml
[INFO] Downloading from jitpack.io: https://jitpack.io/org/spigotmc/spigot-api/1.15.2-R0.1-SNAPSHOT/maven-metadata.xml
[INFO] Downloaded from spigot-repo: https://hub.spigotmc.org/nexus/content/repositories/snapshots/org/spigotmc/spigot-api/1.15.2-R0.1-SNAPSHOT/maven-metadata.xml (1.5 kB at 3.2 kB/s)
[INFO] Downloaded from paper-repo: https://repo.destroystokyo.com/repository/maven-public/org/spigotmc/spigot-api/1.15.2-R0.1-SNAPSHOT/maven-metadata.xml (1.5 kB at 997 B/s)
[INFO] Downloading from paper-repo: https://repo.destroystokyo.com/repository/maven-public/org/spigotmc/spigot-api/1.15.2-R0.1-SNAPSHOT/spigot-api-1.15.2-R0.1-20200624.001023-124.pom
[INFO] Downloaded from paper-repo: https://repo.destroystokyo.com/repository/maven-public/org/spigotmc/spigot-api/1.15.2-R0.1-SNAPSHOT/spigot-api-1.15.2-R0.1-20200624.001023-124.pom (9.6 kB at 12 kB/s)
[INFO] Downloading from paper-repo: https://repo.destroystokyo.com/repository/maven-public/net/md-5/bungeecord-chat/1.15-SNAPSHOT/maven-metadata.xml
[INFO] Downloading from spigot-repo: https://hub.spigotmc.org/nexus/content/repositories/snapshots/net/md-5/bungeecord-chat/1.15-SNAPSHOT/maven-metadata.xml
[INFO] Downloading from jitpack.io: https://jitpack.io/net/md-5/bungeecord-chat/1.15-SNAPSHOT/maven-metadata.xml
[INFO] Downloading from spigotmc-public: https://hub.spigotmc.org/nexus/content/groups/public/net/md-5/bungeecord-chat/1.15-SNAPSHOT/maven-metadata.xml
[INFO] Downloaded from spigotmc-public: https://hub.spigotmc.org/nexus/content/groups/public/net/md-5/bungeecord-chat/1.15-SNAPSHOT/maven-metadata.xml (1.2 kB at 11 kB/s)
[INFO] Downloaded from paper-repo: https://repo.destroystokyo.com/repository/maven-public/net/md-5/bungeecord-chat/1.15-SNAPSHOT/maven-metadata.xml (1.2 kB at 2.4 kB/s)
[INFO] Downloading from paper-repo: https://repo.destroystokyo.com/repository/maven-public/net/md-5/bungeecord-chat/1.15-SNAPSHOT/bungeecord-chat-1.15-20200526.094816-73.pom
[INFO] Downloaded from paper-repo: https://repo.destroystokyo.com/repository/maven-public/net/md-5/bungeecord-chat/1.15-SNAPSHOT/bungeecord-chat-1.15-20200526.094816-73.pom (986 B at 1.9 kB/s)
[INFO] Downloading from paper-repo: https://repo.destroystokyo.com/repository/maven-public/net/md-5/bungeecord-parent/1.15-SNAPSHOT/maven-metadata.xml
[INFO] Downloading from spigot-repo: https://hub.spigotmc.org/nexus/content/repositories/snapshots/net/md-5/bungeecord-parent/1.15-SNAPSHOT/maven-metadata.xml
[INFO] Downloading from jitpack.io: https://jitpack.io/net/md-5/bungeecord-parent/1.15-SNAPSHOT/maven-metadata.xml
[INFO] Downloading from spigotmc-public: https://hub.spigotmc.org/nexus/content/groups/public/net/md-5/bungeecord-parent/1.15-SNAPSHOT/maven-metadata.xml
[INFO] Downloaded from spigotmc-public: https://hub.spigotmc.org/nexus/content/groups/public/net/md-5/bungeecord-parent/1.15-SNAPSHOT/maven-metadata.xml (602 B at 5.1 kB/s)
[INFO] Downloaded from paper-repo: https://repo.destroystokyo.com/repository/maven-public/net/md-5/bungeecord-parent/1.15-SNAPSHOT/maven-metadata.xml (602 B at 771 B/s)
[INFO] Downloading from paper-repo: https://repo.destroystokyo.com/repository/maven-public/net/md-5/bungeecord-parent/1.15-SNAPSHOT/bungeecord-parent-1.15-20200526.094750-74.pom
[INFO] Downloaded from paper-repo: https://repo.destroystokyo.com/repository/maven-public/net/md-5/bungeecord-parent/1.15-SNAPSHOT/bungeecord-parent-1.15-20200526.094750-74.pom (9.4 kB at 18 kB/s)
[INFO] Downloading from paper-repo: https://repo.destroystokyo.com/repository/maven-public/org/yaml/snakeyaml/1.25/snakeyaml-1.25.pom
[INFO] Downloaded from paper-repo: https://repo.destroystokyo.com/repository/maven-public/org/yaml/snakeyaml/1.25/snakeyaml-1.25.pom (38 kB at 64 kB/s)
[INFO] Downloading from paper-repo: https://repo.destroystokyo.com/repository/maven-public/com/github/slimefun/Slimefun4/RC-19/Slimefun4-RC-19.pom
[INFO] Downloading from spigot-repo: https://hub.spigotmc.org/nexus/content/repositories/snapshots/com/github/slimefun/Slimefun4/RC-19/Slimefun4-RC-19.pom
[INFO] Downloading from jitpack.io: https://jitpack.io/com/github/slimefun/Slimefun4/RC-19/Slimefun4-RC-19.pom
[INFO] Downloaded from jitpack.io: https://jitpack.io/com/github/slimefun/Slimefun4/RC-19/Slimefun4-RC-19.pom (13 kB at 87 kB/s)
[INFO] Downloading from paper-repo: https://repo.destroystokyo.com/repository/maven-public/org/spigotmc/spigot-api/1.15.2-R0.1-SNAPSHOT/spigot-api-1.15.2-R0.1-20200624.001023-124.jar
[INFO] Downloading from paper-repo: https://repo.destroystokyo.com/repository/maven-public/net/md-5/bungeecord-chat/1.15-SNAPSHOT/bungeecord-chat-1.15-20200526.094816-73.jar
[INFO] Downloading from paper-repo: https://repo.destroystokyo.com/repository/maven-public/com/github/slimefun/Slimefun4/RC-19/Slimefun4-RC-19.jar
[INFO] Downloading from paper-repo: https://repo.destroystokyo.com/repository/maven-public/org/yaml/snakeyaml/1.25/snakeyaml-1.25.jar
[INFO] Downloaded from paper-repo: https://repo.destroystokyo.com/repository/maven-public/org/yaml/snakeyaml/1.25/snakeyaml-1.25.jar (303 kB at 436 kB/s)
[INFO] Downloaded from paper-repo: https://repo.destroystokyo.com/repository/maven-public/org/spigotmc/spigot-api/1.15.2-R0.1-SNAPSHOT/spigot-api-1.15.2-R0.1-20200624.001023-124.jar (1.3 MB at 1.7 MB/s)
[INFO] Downloaded from paper-repo: https://repo.destroystokyo.com/repository/maven-public/net/md-5/bungeecord-chat/1.15-SNAPSHOT/bungeecord-chat-1.15-20200526.094816-73.jar (132 kB at 134 kB/s)
[INFO] Downloading from spigot-repo: https://hub.spigotmc.org/nexus/content/repositories/snapshots/com/github/slimefun/Slimefun4/RC-19/Slimefun4-RC-19.jar
[INFO] Downloading from jitpack.io: https://jitpack.io/com/github/slimefun/Slimefun4/RC-19/Slimefun4-RC-19.jar
[INFO] Downloaded from jitpack.io: https://jitpack.io/com/github/slimefun/Slimefun4/RC-19/Slimefun4-RC-19.jar (4.1 MB at 18 MB/s)
[INFO] 
[INFO] --- maven-clean-plugin:2.5:clean (default-clean) @ MobCapturer ---
[INFO] 
[INFO] --- maven-resources-plugin:2.6:resources (default-resources) @ MobCapturer ---
[INFO] Using 'UTF-8' encoding to copy filtered resources.
[INFO] Copying 1 resource
[INFO] Copying 1 resource
[INFO] 
[INFO] --- maven-compiler-plugin:3.1:compile (default-compile) @ MobCapturer ---
[INFO] Changes detected - recompiling the module!
[INFO] Compiling 39 source files to /home/runner/work/builds/builds/xMikux/MobCapturer/master/files/target/classes
[INFO] 
[INFO] --- maven-resources-plugin:2.6:testResources (default-testResources) @ MobCapturer ---
[INFO] Using 'UTF-8' encoding to copy filtered resources.
[INFO] skip non existing resourceDirectory /home/runner/work/builds/builds/xMikux/MobCapturer/master/files/src/test/resources
[INFO] 
[INFO] --- maven-compiler-plugin:3.1:testCompile (default-testCompile) @ MobCapturer ---
[INFO] No sources to compile
[INFO] 
[INFO] --- maven-surefire-plugin:2.12.4:test (default-test) @ MobCapturer ---
[INFO] No tests to run.
[INFO] 
[INFO] --- maven-jar-plugin:2.4:jar (default-jar) @ MobCapturer ---
[INFO] Building jar: /home/runner/work/builds/builds/xMikux/MobCapturer/master/files/target/MobCapturer-7.jar
[INFO] 
[INFO] --- maven-shade-plugin:3.2.4:shade (default) @ MobCapturer ---
[INFO] Including org.bstats:bstats-bukkit:jar:2.1.0 in the shaded jar.
[INFO] Including org.bstats:bstats-base:jar:2.1.0 in the shaded jar.
[INFO] Replacing original artifact with shaded artifact.
[INFO] Replacing /home/runner/work/builds/builds/xMikux/MobCapturer/master/files/target/MobCapturer-7.jar with /home/runner/work/builds/builds/xMikux/MobCapturer/master/files/target/MobCapturer-EFI - 7 (git 8b6150cf)-shaded.jar
[INFO] Dependency-reduced POM written at: /home/runner/work/builds/builds/xMikux/MobCapturer/master/files/dependency-reduced-pom.xml
[INFO] ------------------------------------------------------------------------
[INFO] BUILD SUCCESS
[INFO] ------------------------------------------------------------------------
[INFO] Total time:  10.724 s
[INFO] Finished at: 2021-01-25T02:16:00Z
[INFO] ------------------------------------------------------------------------
