[INFO] Scanning for projects...
[INFO] 
[INFO] ----------------------< me.profelements:DynaTech >----------------------
[INFO] Building DynaTech EFI - 16 (git fee096bc)
[INFO] --------------------------------[ jar ]---------------------------------
[INFO] Downloading from CodeMC: https://repo.codemc.org/repository/maven-public/org/spigotmc/spigot-api/1.16.4-R0.1-SNAPSHOT/maven-metadata.xml
[INFO] Downloading from spigot-repo: https://hub.spigotmc.org/nexus/content/repositories/snapshots/org/spigotmc/spigot-api/1.16.4-R0.1-SNAPSHOT/maven-metadata.xml
[INFO] Downloading from paper-repo: https://repo.destroystokyo.com/repository/maven-public/org/spigotmc/spigot-api/1.16.4-R0.1-SNAPSHOT/maven-metadata.xml
[INFO] Downloading from jitpack.io: https://jitpack.io/org/spigotmc/spigot-api/1.16.4-R0.1-SNAPSHOT/maven-metadata.xml
[INFO] Downloaded from spigot-repo: https://hub.spigotmc.org/nexus/content/repositories/snapshots/org/spigotmc/spigot-api/1.16.4-R0.1-SNAPSHOT/maven-metadata.xml (1.5 kB at 2.9 kB/s)
[INFO] Downloaded from paper-repo: https://repo.destroystokyo.com/repository/maven-public/org/spigotmc/spigot-api/1.16.4-R0.1-SNAPSHOT/maven-metadata.xml (1.5 kB at 734 B/s)
[WARNING] Could not transfer metadata org.spigotmc:spigot-api:1.16.4-R0.1-SNAPSHOT/maven-metadata.xml from/to CodeMC (https://repo.codemc.org/repository/maven-public): Transfer failed for https://repo.codemc.org/repository/maven-public/org/spigotmc/spigot-api/1.16.4-R0.1-SNAPSHOT/maven-metadata.xml 500 Internal Server Error
[WARNING] Failure to transfer org.spigotmc:spigot-api:1.16.4-R0.1-SNAPSHOT/maven-metadata.xml from https://repo.codemc.org/repository/maven-public was cached in the local repository, resolution will not be reattempted until the update interval of CodeMC has elapsed or updates are forced. Original error: Could not transfer metadata org.spigotmc:spigot-api:1.16.4-R0.1-SNAPSHOT/maven-metadata.xml from/to CodeMC (https://repo.codemc.org/repository/maven-public): Transfer failed for https://repo.codemc.org/repository/maven-public/org/spigotmc/spigot-api/1.16.4-R0.1-SNAPSHOT/maven-metadata.xml 500 Internal Server Error
[INFO] Downloading from paper-repo: https://repo.destroystokyo.com/repository/maven-public/org/spigotmc/spigot-api/1.16.4-R0.1-SNAPSHOT/spigot-api-1.16.4-R0.1-20210114.220528-50.pom
[INFO] Downloaded from paper-repo: https://repo.destroystokyo.com/repository/maven-public/org/spigotmc/spigot-api/1.16.4-R0.1-SNAPSHOT/spigot-api-1.16.4-R0.1-20210114.220528-50.pom (11 kB at 9.2 kB/s)
[INFO] Downloading from paper-repo: https://reBusyBiscuit/CS-CoreLib/1.7/CS-CoreLib-1.7.pom
epo.destroystokyo.com/repository/maven-public/com/github/Th[INFO] Downloading from spigot-repo: https://hub.spigotmc.org/nexus/content/repositories/snapshots/com/github/TheBusyBiscuit/CS-CoreLib/1.7/CS-CoreLib-1.7.pom
[INFO] Downloading from jitpack.io: https://jitpack.io/com/github/TheBusyBiscuit/CS-CoreLib/1.7/CS-CoreLib-1.7.pom
[INFO] Downloaded from jitpack.io: https://jitpack.io/com/github/TheBusyBiscuit/CS-CoreLib/1.7/CS-CoreLib-1.7.pom (4.2 kB at 24 kB/s)
[INFO] Downloading from paper-repo: https://repo.destroystokyo.comn/Slimefun4/RC-19/Slimefun4-RC-19.pom/repository/maven-public/com/github/Slimefu
[INFO] Downloading from spigot-repo: https://hub.spigotmc.org/nexus/content/repositories/snapshots/com/github/Slimefun/Slimefun4/RC-19/Slimefun4-RC-19.pom
[INFO] Downloading from jitpack.io: https://jitpack.io/com/github/Slimefun/Slimefun4/RC-19/Slimefun4-RC-19.pom
[INFO] Downloaded from jitpack.io: https://jitpack.io/com/github/Slimefun/Slimefun4/RC-19/Slimefun4-RC-19.pom (13 kB at 161 kB/s)
[INFO] Downloading from paper-repo: https://repo.destroystokyo.com/repository/maven-public/com/github/thebusybiscuit/exoticgarden/b7dfe8c35b/exoticgarden-b7dfe8c35b.pom
[INFO] Downloading from spigot-repo: https://hub.spigotmc.org/nexus/content/repositories/snapshots/com/github/thebusybiscuit/exoticgarden/b7dfe8c35b/exoticgarden-b7dfe8c35b.pom
[INFO] Downloading from jitpack.io: https://jitpack.io/com/github/thebusybiscuit/exoticgarden/b7dfe8c35b/exoticgarden-b7dfe8c35b.pom
[INFO] Downloaded from jitpack.io: https://jitpack.io/com/github/thebusybiscuit/exoticgarden/b7dfe8c35b/exoticgarden-b7dfe8c35b.pom (5.0 kB at 93 kB/s)
[INFO] Downloading from jitpack.io: https://jitpack.io/org/bstats/bstats-bukkit/1.8/bstats-bukkit-1.8.pom
[INFO] Downloading from CodeMC: https://repo.codemc.org/repository/maven-public/org/bstats/bstats-bukkit/1.8/bstats-bukkit-1.8.pom
[INFO] ------------------------------------------------------------------------
[INFO] BUILD FAILURE
[INFO] ------------------------------------------------------------------------
[INFO] Total time:  02:05 min
[INFO] Finished at: 2021-01-20T10:34:36Z
[INFO] ------------------------------------------------------------------------
[ERROR] Failed to execute goal on project DynaTech: Could not resolve dependencies for project me.profelements:DynaTech:jar:EFI - 16 (git fee096bc): Failed to collect dependencies at org.bstats:bstats-bukkit:jar:1.8: Failed to read artifact descriptor for org.bstats:bstats-bukkit:jar:1.8: Could not transfer artifact org.bstats:bstats-bukkit:pom:1.8 from/to jitpack.io (https://jitpack.io): Authentication failed for https://jitpack.io/org/bstats/bstats-bukkit/1.8/bstats-bukkit-1.8.pom 401 Unauthorized -> [Help 1]
[ERROR] 
[ERROR] To see the full stack trace of the errors, re-run Maven with the -e switch.
[ERROR] Re-run Maven using the -X switch to enable full debug logging.
[ERROR] 
[ERROR] For more information about the errors and possible solutions, please read the following articles:
[ERROR] [Help 1] http://cwiki.apache.org/confluence/display/MAVEN/DependencyResolutionException
