[INFO] Scanning for projects...
[INFO] 
[INFO] -------------< io.github.thebusybiscuit:ElectricSpawners >--------------
[INFO] Building ElectricSpawners EFI - 2 (git 8015ca0b)
[INFO] --------------------------------[ jar ]---------------------------------
[INFO] Downloading from spigot-repo: https://hub.spigotmc.org/nexus/content/repositories/snapshots/org/spigotmc/spigot-api/1.16.2-R0.1-SNAPSHOT/maven-metadata.xml
[INFO] Downloading from jitpack.io: https://jitpack.io/org/spigotmc/spigot-api/1.16.2-R0.1-SNAPSHOT/maven-metadata.xml
[INFO] Downloading from bstats-repo: https://repo.codemc.org/repository/maven-public/org/spigotmc/spigot-api/1.16.2-R0.1-SNAPSHOT/maven-metadata.xml
[INFO] Downloading from paper-repo: https://repo.destroystokyo.com/repository/maven-public/org/spigotmc/spigot-api/1.16.2-R0.1-SNAPSHOT/maven-metadata.xml
[INFO] Downloaded from spigot-repo: https://hub.spigotmc.org/nexus/content/repositories/snapshots/org/spigotmc/spigot-api/1.16.2-R0.1-SNAPSHOT/maven-metadata.xml (1.5 kB at 2.2 kB/s)
[INFO] Downloaded from paper-repo: https://repo.destroystokyo.com/repository/maven-public/org/spigotmc/spigot-api/1.16.2-R0.1-SNAPSHOT/maven-metadata.xml (1.5 kB at 978 B/s)
[INFO] Downloading from paper-repo: https://repo.destroystokyo.com/repository/maven-public/org/spigotmc/spigot-api/1.16.2-R0.1-SNAPSHOT/spigot-api-1.16.2-R0.1-20200910.205520-57.pom
[INFO] Downloaded from paper-repo: https://repo.destroystokyo.com/repository/maven-public/org/spigotmc/spigot-api/1.16.2-R0.1-SNAPSHOT/spigot-api-1.16.2-R0.1-20200910.205520-57.pom (11 kB at 17 kB/s)
[INFO] Downloading from paper-repo: https://repo.destroystokyo.com/repository/maven-public/org/spigotmc/spigot-api/1.16.2-R0.1-SNAPSHOT/spigot-api-1.16.2-R0.1-20200910.205520-57.jar
[INFO] Downloaded from paper-repo: https://repo.destroystokyo.com/repository/maven-public/org/spigotmc/spigot-api/1.16.2-R0.1-SNAPSHOT/spigot-api-1.16.2-R0.1-20200910.205520-57.jar (1.3 MB at 2.6 MB/s)
[INFO] 
[INFO] --- maven-clean-plugin:2.5:clean (default-clean) @ ElectricSpawners ---
[INFO] 
[INFO] --- maven-resources-plugin:2.6:resources (default-resources) @ ElectricSpawners ---
[INFO] Using 'UTF-8' encoding to copy filtered resources.
[INFO] Copying 2 resources
[INFO] Copying 1 resource
[INFO] 
[INFO] --- maven-compiler-plugin:3.1:compile (default-compile) @ ElectricSpawners ---
[INFO] Changes detected - recompiling the module!
[INFO] Compiling 2 source files to /home/runner/work/builds/builds/xMikux/ElectricSpawners/master/files/target/classes
[INFO] 
[INFO] --- maven-resources-plugin:2.6:testResources (default-testResources) @ ElectricSpawners ---
[INFO] Using 'UTF-8' encoding to copy filtered resources.
[INFO] skip non existing resourceDirectory /home/runner/work/builds/builds/xMikux/ElectricSpawners/master/files/src/test/resources
[INFO] 
[INFO] --- maven-compiler-plugin:3.1:testCompile (default-testCompile) @ ElectricSpawners ---
[INFO] No sources to compile
[INFO] 
[INFO] --- maven-surefire-plugin:2.12.4:test (default-test) @ ElectricSpawners ---
[INFO] No tests to run.
[INFO] 
[INFO] --- maven-jar-plugin:2.4:jar (default-jar) @ ElectricSpawners ---
[INFO] Building jar: /home/runner/work/builds/builds/xMikux/ElectricSpawners/master/files/target/ElectricSpawners-2.jar
[INFO] 
[INFO] --- maven-shade-plugin:3.2.4:shade (default) @ ElectricSpawners ---
[INFO] Including org.bstats:bstats-bukkit:jar:1.7 in the shaded jar.
[INFO] Replacing original artifact with shaded artifact.
[INFO] Replacing /home/runner/work/builds/builds/xMikux/ElectricSpawners/master/files/target/ElectricSpawners-2.jar with /home/runner/work/builds/builds/xMikux/ElectricSpawners/master/files/target/ElectricSpawners-EFI - 2 (git 8015ca0b)-shaded.jar
[INFO] Dependency-reduced POM written at: /home/runner/work/builds/builds/xMikux/ElectricSpawners/master/files/dependency-reduced-pom.xml
[INFO] ------------------------------------------------------------------------
[INFO] BUILD SUCCESS
[INFO] ------------------------------------------------------------------------
[INFO] Total time:  5.417 s
[INFO] Finished at: 2020-10-26T09:21:10Z
[INFO] ------------------------------------------------------------------------
