[INFO] Scanning for projects...
[INFO] 
[INFO] ----------------< io.github.thebusybiscuit:ExtraHeads >-----------------
[INFO] Building ExtraHeads EFI - 1 (git 7e6ea05b)
[INFO] --------------------------------[ jar ]---------------------------------
[INFO] 
[INFO] --- maven-clean-plugin:2.5:clean (default-clean) @ ExtraHeads ---
[INFO] 
[INFO] --- maven-resources-plugin:2.6:resources (default-resources) @ ExtraHeads ---
[INFO] Using 'UTF-8' encoding to copy filtered resources.
[INFO] Copying 2 resources
[INFO] Copying 1 resource
[INFO] 
[INFO] --- maven-compiler-plugin:3.1:compile (default-compile) @ ExtraHeads ---
[INFO] Changes detected - recompiling the module!
[INFO] Compiling 3 source files to /home/runner/work/builds/builds/xMikux/ExtraHeads/master/files/target/classes
[INFO] 
[INFO] --- maven-resources-plugin:2.6:testResources (default-testResources) @ ExtraHeads ---
[INFO] Using 'UTF-8' encoding to copy filtered resources.
[INFO] skip non existing resourceDirectory /home/runner/work/builds/builds/xMikux/ExtraHeads/master/files/src/test/resources
[INFO] 
[INFO] --- maven-compiler-plugin:3.1:testCompile (default-testCompile) @ ExtraHeads ---
[INFO] No sources to compile
[INFO] 
[INFO] --- maven-surefire-plugin:2.12.4:test (default-test) @ ExtraHeads ---
[INFO] No tests to run.
[INFO] 
[INFO] --- maven-jar-plugin:2.4:jar (default-jar) @ ExtraHeads ---
[INFO] Building jar: /home/runner/work/builds/builds/xMikux/ExtraHeads/master/files/target/ExtraHeads-1.jar
[INFO] ------------------------------------------------------------------------
[INFO] BUILD SUCCESS
[INFO] ------------------------------------------------------------------------
[INFO] Total time:  1.767 s
[INFO] Finished at: 2020-09-23T17:15:24Z
[INFO] ------------------------------------------------------------------------
