[INFO] Scanning for projects...
[INFO] 
[INFO] ---------------< io.github.thebusybiscuit:DyedBackpacks >---------------
[INFO] Building DyedBackpacks EFI - 1 (git 09af0c59)
[INFO] --------------------------------[ jar ]---------------------------------
[INFO] Downloading from paper-repo: https://repo.destroystokyo.com/repository/maven-public/org/bukkit/bukkit/1.15.2-R0.1-SNAPSHOT/maven-metadata.xml
[INFO] Downloading from spigot-repo: https://hub.spigotmc.org/nexus/content/repositories/snapshots/org/bukkit/bukkit/1.15.2-R0.1-SNAPSHOT/maven-metadata.xml
[INFO] Downloading from jitpack.io: https://jitpack.io/org/bukkit/bukkit/1.15.2-R0.1-SNAPSHOT/maven-metadata.xml
[INFO] Downloaded from spigot-repo: https://hub.spigotmc.org/nexus/content/repositories/snapshots/org/bukkit/bukkit/1.15.2-R0.1-SNAPSHOT/maven-metadata.xml (1.5 kB at 2.6 kB/s)
[INFO] Downloaded from paper-repo: https://repo.destroystokyo.com/repository/maven-public/org/bukkit/bukkit/1.15.2-R0.1-SNAPSHOT/maven-metadata.xml (1.5 kB at 1.3 kB/s)
[INFO] Downloading from paper-repo: https://repo.destroystokyo.com/repository/maven-public/org/bukkit/bukkit/1.15.2-R0.1-SNAPSHOT/bukkit-1.15.2-R0.1-20200624.001047-124.pom
[INFO] Downloaded from paper-repo: https://repo.destroystokyo.com/repository/maven-public/org/bukkit/bukkit/1.15.2-R0.1-SNAPSHOT/bukkit-1.15.2-R0.1-20200624.001047-124.pom (9.4 kB at 15 kB/s)
[INFO] Downloading from paper-repo: https://repo.destroystokyo.com/repository/maven-public/org/yaml/snakeyaml/1.25/snakeyaml-1.25.pom
[INFO] Downloaded from paper-repo: https://repo.destroystokyo.com/repository/maven-public/org/yaml/snakeyaml/1.25/snakeyaml-1.25.pom (38 kB at 49 kB/s)
[INFO] Downloading from paper-repo: https://repo.destroystokyo.com/repository/maven-public/com/github/TheBusyBiscuit/Slimefun4/RC-14/Slimefun4-RC-14.pom
[INFO] Downloading from spigot-repo: https://hub.spigotmc.org/nexus/content/repositories/snapshots/com/github/TheBusyBiscuit/Slimefun4/RC-14/Slimefun4-RC-14.pom
[INFO] Downloading from jitpack.io: https://jitpack.io/com/github/TheBusyBiscuit/Slimefun4/RC-14/Slimefun4-RC-14.pom
[INFO] Downloaded from jitpack.io: https://jitpack.io/com/github/TheBusyBiscuit/Slimefun4/RC-14/Slimefun4-RC-14.pom (11 kB at 29 kB/s)
[INFO] Downloading from paper-repo: https://repo.destroystokyo.com/repository/maven-public/org/bukkit/bukkit/1.15.2-R0.1-SNAPSHOT/bukkit-1.15.2-R0.1-20200624.001047-124.jar
[INFO] Downloading from paper-repo: https://repo.destroystokyo.com/repository/maven-public/org/yaml/snakeyaml/1.25/snakeyaml-1.25.jar
[INFO] Downloading from paper-repo: https://repo.destroystokyo.com/repository/maven-public/com/github/TheBusyBiscuit/Slimefun4/RC-14/Slimefun4-RC-14.jar
[INFO] Downloven-public/org/yaml/snakaded from paper-repo: https://repo.destroystokyo.com/repository/maeyaml/1.25/snakeyaml-1.25.jar (303 kB at 162 kB/s)
[INFO] Downloaded from paper-repo: https://repo.destroystokyo.com/repository/maven-public/org/bukkit/bukkit/1.15.2-R0.1-SNAPSHOT/bukkit-1.15.2-R0.1-20200624.001047-124.jar (1.2 MB at 521 kB/s)
[INFO] Downloading from spigot-repo: https://hub.spigotmc.org/nexus/content/repositories/snapshots/com/github/TheBusyBiscuit/Slimefun4/RC-14/Slimefun4-RC-14.jar
[INFO] Downloading from jitpack.io: https://jitpack.io/com/github/TheBusyBiscuit/Slimefun4/RC-14/Slimefun4-RC-14.jar
[INFO] Downloaded from jitpack.io: https://jitpack.io/com/github/TheBusyBiscuit/Slimefun4/RC-14/Slimefun4-RC-14.jar (1.8 MB at 1.1 MB/s)
[INFO] 
[INFO] --- maven-clean-plugin:2.5:clean (default-clean) @ DyedBackpacks ---
[INFO] 
[INFO] --- maven-resources-plugin:2.6:resources (default-resources) @ DyedBackpacks ---
[INFO] Using 'UTF-8' encoding to copy filtered resources.
[INFO] Copying 2 resources
[INFO] Copying 1 resource
[INFO] 
[INFO] --- maven-compiler-plugin:3.1:compile (default-compile) @ DyedBackpacks ---
[INFO] Changes detected - recompiling the module!
[INFO] Compiling 3 source files to /home/runner/work/builds/builds/xMikux/DyedBackpacks/master/files/target/classes
[INFO] 
[INFO] --- maven-resources-plugin:2.6:testResources (default-testResources) @ DyedBackpacks ---
[INFO] Using 'UTF-8' encoding to copy filtered resources.
[INFO] skip non existing resourceDirectory /home/runner/work/builds/builds/xMikux/DyedBackpacks/master/files/src/test/resources
[INFO] 
[INFO] --- maven-compiler-plugin:3.1:testCompile (default-testCompile) @ DyedBackpacks ---
[INFO] No sources to compile
[INFO] 
[INFO] --- maven-surefire-plugin:2.12.4:test (default-test) @ DyedBackpacks ---
[INFO] No tests to run.
[INFO] 
[INFO] --- maven-jar-plugin:2.4:jar (default-jar) @ DyedBackpacks ---
[INFO] Building jar: /home/runner/work/builds/builds/xMikux/DyedBackpacks/master/files/target/DyedBackpacks-1.jar
[INFO] ------------------------------------------------------------------------
[INFO] BUILD SUCCESS
[INFO] ------------------------------------------------------------------------
[INFO] Total time:  9.015 s
[INFO] Finished at: 2020-09-23T14:17:53Z
[INFO] ------------------------------------------------------------------------
