[INFO] Scanning for projects...
[INFO] 
[INFO] ----------------------< dev.j3fftw:LiteXpansion >-----------------------
[INFO] Building LiteXpansion EFI - 22 (git 91a9487e)
[INFO] --------------------------------[ jar ]---------------------------------
[INFO] Downloading from central: https://repo.maven.apache.org/maven2/org/apache/maven/plugins/maven-shade-plugin/2.3/maven-shade-plugin-2.3.pom
[INFO] Downloaded from central: https://repo.maven.apache.org/maven2/org/apache/maven/plugins/maven-shade-plugin/2.3/maven-shade-plugin-2.3.pom (7.3 kB at 25 kB/s)
[INFO] Downloading from central: https://repo.maven.apache.org/maven2/org/apache/maven/plugins/maven-plugins/25/maven-plugins-25.pom
[INFO] Downloaded from central: https://repo.maven.apache.org/maven2/org/apache/maven/plugins/maven-plugins/25/maven-plugins-25.pom (9.6 kB at 281 kB/s)
[INFO] Downloading from central: https://repo.maven.apache.org/maven2/org/apache/maven/maven-parent/24/maven-parent-24.pom
[INFO] Downloaded from central: https://repo.maven.apache.org/maven2/org/apache/maven/maven-parent/24/maven-parent-24.pom (37 kB at 1.0 MB/s)
[INFO] Downloading from central: https://repo.maven.apache.org/maven2/org/apache/apache/14/apache-14.pom
[INFO] Downloaded from central: https://repo.maven.apache.org/maven2/org/apache/apache/14/apache-14.pom (15 kB at 490 kB/s)
[INFO] Downloading from central: https://repo.maven.apache.org/maven2/org/apache/maven/plugins/maven-shade-plugin/2.3/maven-shade-plugin-2.3.jar
[INFO] Downloaded from central: https://repo.maven.apache.org/maven2/org/apache/maven/plugins/maven-shade-plugin/2.3/maven-shade-plugin-2.3.jar (101 kB at 1.8 MB/s)
[INFO] Downloading from central: https://repo.maven.apache.org/maven2/org/apache/maven/plugins/maven-clean-plugin/2.5/maven-clean-plugin-2.5.pom
[INFO] Downloaded from central: https://repo.maven.apache.org/maven2/org/apache/maven/plugins/maven-clean-plugin/2.5/maven-clean-plugin-2.5.pom (3.9 kB at 145 kB/s)
[INFO] Downloading from central: https://repo.maven.apache.org/maven2/org/apache/maven/plugins/maven-plugins/22/maven-plugins-22.pom
[INFO] Downloaded from central: https://repo.maven.apache.org/maven2/org/apache/maven/plugins/maven-plugins/22/maven-plugins-22.pom (13 kB at 450 kB/s)
[INFO] Downloading from central: https://repo.maven.apache.org/maven2/org/apache/maven/maven-parent/21/maven-parent-21.pom
[INFO] Downloaded from central: https://repo.maven.apache.org/maven2/org/apache/maven/maven-parent/21/maven-parent-21.pom (26 kB at 941 kB/s)
[INFO] Downloading from central: https://repo.maven.apache.org/maven2/org/apache/apache/10/apache-10.pom
[INFO] Downloaded from central: https://repo.maven.apache.org/maven2/org/apache/apache/10/apache-10.pom (15 kB at 592 kB/s)
[INFO] Downloading from central: https://repo.maven.apache.org/maven2/org/apache/maven/plugins/maven-clean-plugin/2.5/maven-clean-plugin-2.5.jar
[INFO] Downloaded from central: https://repo.maven.apache.org/maven2/org/apache/maven/plugins/maven-clean-plugin/2.5/maven-clean-plugin-2.5.jar (25 kB at 1.2 MB/s)
[INFO] Downloading from central: https://repo.maven.apache.org/maven2/org/apache/maven/plugins/maven-resources-plugin/2.6/maven-resources-plugin-2.6.pom
[INFO] Downloaded from central: https://repo.maven.apache.org/maven2/org/apache/maven/plugins/maven-resources-plugin/2.6/maven-resources-plugin-2.6.pom (8.1 kB at 406 kB/s)
[INFO] Downloading from central: https://repo.maven.apache.org/maven2/org/apache/maven/plugins/maven-plugins/23/maven-plugins-23.pom
[INFO] Downloaded from central: https://repo.maven.apache.org/maven2/org/apache/maven/plugins/maven-plugins/23/maven-plugins-23.pom (9.2 kB at 484 kB/s)
[INFO] Downloading from central: https://repo.maven.apache.org/maven2/org/apache/maven/maven-parent/22/maven-parent-22.pom
[INFO] Downloaded from central: https://repo.maven.apache.org/maven2/org/apache/maven/maven-parent/22/maven-parent-22.pom (30 kB at 1.3 MB/s)
[INFO] Downloading from central: https://repo.maven.apache.org/maven2/org/apache/apache/11/apache-11.pom
[INFO] Downloaded from central: https://repo.maven.apache.org/maven2/org/apache/apache/11/apache-11.pom (15 kB at 673 kB/s)
[INFO] Downloading from central: https://repo.maven.apache.org/maven2/org/apache/maven/plugins/maven-resources-plugin/2.6/maven-resources-plugin-2.6.jar
[INFO] Downloaded from central: https://repo.maven.apache.org/maven2/org/apache/maven/plugins/maven-resources-plugin/2.6/maven-resources-plugin-2.6.jar (30 kB at 922 kB/s)
[INFO] Downloading from central: https://repo.maven.apache.org/maven2/org/apache/maven/plugins/maven-compiler-plugin/3.5.1/maven-compiler-plugin-3.5.1.pom
[INFO] Downloaded from central: https://repo.maven.apache.org/maven2/org/apache/maven/plugins/maven-compiler-plugin/3.5.1/maven-compiler-plugin-3.5.1.pom (10 kB at 151 kB/s)
[INFO] Downloading from central: https://repo.maven.apache.org/maven2/org/apache/maven/plugins/maven-plugins/28/maven-plugins-28.pom
[INFO] Downloaded from central: https://repo.maven.apache.org/maven2/org/apache/maven/plugins/maven-plugins/28/maven-plugins-28.pom (12 kB at 602 kB/s)
[INFO] Downloading from central: https://repo.maven.apache.org/maven2/org/apache/maven/maven-parent/27/maven-parent-27.pom
[INFO] Downloaded from central: https://repo.maven.apache.org/maven2/org/apache/maven/maven-parent/27/maven-parent-27.pom (41 kB at 1.5 MB/s)
[INFO] Downloading from central: https://repo.maven.apache.org/maven2/org/apache/apache/17/apache-17.pom
[INFO] Downloaded from central: https://repo.maven.apache.org/maven2/org/apache/apache/17/apache-17.pom (16 kB at 618 kB/s)
[INFO] Downloading from central: https://repo.maven.apache.org/maven2/org/apache/maven/plugins/maven-compiler-plugin/3.5.1/maven-compiler-plugin-3.5.1.jar
[INFO] Downloaded from central: https://repo.maven.apache.org/maven2/org/apache/maven/plugins/maven-compiler-plugin/3.5.1/maven-compiler-plugin-3.5.1.jar (50 kB at 1.7 MB/s)
[INFO] Downloading from central: https://repo.maven.apache.org/maven2/org/apache/maven/plugins/maven-surefire-plugin/2.12.4/maven-surefire-plugin-2.12.4.pom
[INFO] Downloaded from central: https://repo.maven.apache.org/maven2/org/apache/maven/plugins/maven-surefire-plugin/2.12.4/maven-surefire-plugin-2.12.4.pom (10 kB at 582 kB/s)
[INFO] Downloading from central: https://repo.maven.apache.org/maven2/org/apache/maven/surefire/surefire/2.12.4/surefire-2.12.4.pom
[INFO] Downloaded from central: https://repo.maven.apache.org/maven2/org/apache/maven/surefire/surefire/2.12.4/surefire-2.12.4.pom (14 kB at 600 kB/s)
[INFO] Downloading from central: https://repo.maven.apache.org/maven2/org/apache/maven/plugins/maven-surefire-plugin/2.12.4/maven-surefire-plugin-2.12.4.jar
[INFO] Downloaded from central: https://repo.maven.apache.org/maven2/org/apache/maven/plugins/maven-surefire-plugin/2.12.4/maven-surefire-plugin-2.12.4.jar (30 kB at 1.4 MB/s)
[INFO] Downloading from central: https://repo.maven.apache.org/maven2/org/apache/maven/plugins/maven-jar-plugin/2.4/maven-jar-plugin-2.4.pom
[INFO] Downloaded from central: https://repo.maven.apache.org/maven2/org/apache/maven/plugins/maven-jar-plugin/2.4/maven-jar-plugin-2.4.pom (5.8 kB at 243 kB/s)
[INFO] Downloading from central: https://repo.maven.apache.org/maven2/org/apache/maven/plugins/maven-jar-plugin/2.4/maven-jar-plugin-2.4.jar
[INFO] Downloaded from central: https://repo.maven.apache.org/maven2/org/apache/maven/plugins/maven-jar-plugin/2.4/maven-jar-plugin-2.4.jar (34 kB at 1.1 MB/s)
[INFO] Downloading from spigot-repo: https://hub.spigotmc.org/nexus/content/repositories/snapshots/org/spigotmc/spigot-api/1.16.4-R0.1-SNAPSHOT/maven-metadata.xml
[INFO] Downloading from jitpack.io: https://jitpack.io/org/spigotmc/spigot-api/1.16.4-R0.1-SNAPSHOT/maven-metadata.xml
[INFO] Downloading from bstats-repo: https://repo.codemc.org/repository/maven-public/org/spigotmc/spigot-api/1.16.4-R0.1-SNAPSHOT/maven-metadata.xml
[INFO] Downloaded from spigot-repo: https://hub.spigotmc.org/nexus/content/repositories/snapshots/org/spigotmc/spigot-api/1.16.4-R0.1-SNAPSHOT/maven-metadata.xml (1.5 kB at 9.8 kB/s)
[WARNING] Could not transfer metadata org.spigotmc:spigot-api:1.16.4-R0.1-SNAPSHOT/maven-metadata.xml from/to bstats-repo (https://repo.codemc.org/repository/maven-public): Transfer failed for https://repo.codemc.org/repository/maven-public/org/spigotmc/spigot-api/1.16.4-R0.1-SNAPSHOT/maven-metadata.xml
[WARNING] Failure to transfer org.spigotmc:spigot-api:1.16.4-R0.1-SNAPSHOT/maven-metadata.xml from https://repo.codemc.org/repository/maven-public was cached in the local repository, resolution will not be reattempted until the update interval of bstats-repo has elapsed or updates are forced. Original error: Could not transfer metadata org.spigotmc:spigot-api:1.16.4-R0.1-SNAPSHOT/maven-metadata.xml from/to bstats-repo (https://repo.codemc.org/repository/maven-public): Transfer failed for https://repo.codemc.org/repository/maven-public/org/spigotmc/spigot-api/1.16.4-R0.1-SNAPSHOT/maven-metadata.xml
[INFO] Downloading from spigot-repo: https://hub.spigotmc.org/nexus/content/repositories/snapshots/org/spigotmc/spigot-api/1.16.4-R0.1-SNAPSHOT/spigot-api-1.16.4-R0.1-20210114.220528-50.pom
[INFO] Downloaded from spigot-repo: https://hub.spigotmc.org/nexus/content/repositories/snapshots/org/spigotmc/spigot-api/1.16.4-R0.1-SNAPSHOT/spigot-api-1.16.4-R0.1-20210114.220528-50.pom (11 kB at 224 kB/s)
[INFO] Downloading from spigot-repo: https://hub.spigotmc.org/nexus/content/repositories/snapshots/commons-lang/commons-lang/2.6/commons-lang-2.6.pom
[INFO] Downloading from bstats-repo: https://repo.codemc.org/repository/maven-public/commons-lang/commons-lang/2.6/commons-lang-2.6.pom
[INFO] Downloading from jitpack.io: https://jitpack.io/commons-lang/commons-lang/2.6/commons-lang-2.6.pom
[INFO] Downloading from central: https://repo.maven.apache.org/maven2/commons-lang/commons-lang/2.6/commons-lang-2.6.pom
[INFO] Downloaded from central: https://repo.maven.apache.org/maven2/commons-lang/commons-lang/2.6/commons-lang-2.6.pom (17 kB at 833 kB/s)
[INFO] Downloading from spigot-repo: https://hub.spigotmc.org/nexus/content/repositories/snapshots/org/apache/commons/commons-parent/17/commons-parent-17.pom
[INFO] Downloading from bstats-repo: https://repo.codemc.org/repository/maven-public/org/apache/commons/commons-parent/17/commons-parent-17.pom
[INFO] Downloading from jitpack.io: https://jitpack.io/org/apache/commons/commons-parent/17/commons-parent-17.pom
[INFO] Downloading from central: https://repo.maven.apache.org/maven2/org/apache/commons/commons-parent/17/commons-parent-17.pom
[INFO] Downloaded from central: https://repo.maven.apache.org/maven2/org/apache/commons/commons-parent/17/commons-parent-17.pom (31 kB at 843 kB/s)
[INFO] Downloading from spigot-repo: https://hub.spigotmc.org/nexus/content/repositories/snapshots/org/apache/apache/7/apache-7.pom
[INFO] Downloading from bstats-repo: https://repo.codemc.org/repository/maven-public/org/apache/apache/7/apache-7.pom
[INFO] Downloading from jitpack.io: https://jitpack.io/org/apache/apache/7/apache-7.pom
[INFO] Downloading from central: https://repo.maven.apache.org/maven2/org/apache/apache/7/apache-7.pom
[INFO] Downloaded from central: https://repo.maven.apache.org/maven2/org/apache/apache/7/apache-7.pom (14 kB at 627 kB/s)
[INFO] Downloading from spigot-repo: https://hub.spigotmc.org/nexus/content/repositories/snapshots/com/google/guava/guava/21.0/guava-21.0.pom
[INFO] Downloading from bstats-repo: https://repo.codemc.org/repository/maven-public/com/google/guava/guava/21.0/guava-21.0.pom
[INFO] Downloading from jitpack.io: https://jitpack.io/com/google/guava/guava/21.0/guava-21.0.pom
[INFO] Downloading from central: https://repo.maven.apache.org/maven2/com/google/guava/guava/21.0/guava-21.0.pom
[INFO] Downloaded from central: https://repo.maven.apache.org/maven2/com/google/guava/guava/21.0/guava-21.0.pom (7.0 kB at 334 kB/s)
[INFO] Downloading from spigot-repo: https://hub.spigotmc.org/nexus/content/repositories/snapshots/com/google/guava/guava-parent/21.0/guava-parent-21.0.pom
[INFO] Downloading from bstats-repo: https://repo.codemc.org/repository/maven-public/com/google/guava/guava-parent/21.0/guava-parent-21.0.pom
[INFO] Downloading from jitpack.io: https://jitpack.io/com/google/guava/guava-parent/21.0/guava-parent-21.0.pom
[INFO] Downloading from central: https://repo.maven.apache.org/maven2/com/google/guava/guava-parent/21.0/guava-parent-21.0.pom
[INFO] Downloaded from central: https://repo.maven.apache.org/maven2/com/google/guava/guava-parent/21.0/guava-parent-21.0.pom (9.7 kB at 537 kB/s)
[INFO] Downloading from spigot-repo: https://hub.spigotmc.org/nexus/content/repositories/snapshots/org/sonatype/oss/oss-parent/7/oss-parent-7.pom
[INFO] Downloading from bstats-repo: https://repo.codemc.org/repository/maven-public/org/sonatype/oss/oss-parent/7/oss-parent-7.pom
[INFO] Downloading from jitpack.io: https://jitpack.io/org/sonatype/oss/oss-parent/7/oss-parent-7.pom
[INFO] Downloading from central: https://repo.maven.apache.org/maven2/org/sonatype/oss/oss-parent/7/oss-parent-7.pom
[INFO] Downloaded from central: https://repo.maven.apache.org/maven2/org/sonatype/oss/oss-parent/7/oss-parent-7.pom (4.8 kB at 127 kB/s)
[INFO] Downloading from spigot-repo: https://hub.spigotmc.org/nexus/content/repositories/snapshots/com/google/code/gson/gson/2.8.0/gson-2.8.0.pom
[INFO] Downloading from bstats-repo: https://repo.codemc.org/repository/maven-public/com/google/code/gson/gson/2.8.0/gson-2.8.0.pom
[INFO] Downloading from jitpack.io: https://jitpack.io/com/google/code/gson/gson/2.8.0/gson-2.8.0.pom
[INFO] Downloading from central: https://repo.maven.apache.org/maven2/com/google/code/gson/gson/2.8.0/gson-2.8.0.pom
[INFO] Downloaded from central: https://repo.maven.apache.org/maven2/com/google/code/gson/gson/2.8.0/gson-2.8.0.pom (1.4 kB at 76 kB/s)
[INFO] Downloading from spigot-repo: https://hub.spigotmc.org/nexus/content/repositories/snapshots/com/google/code/gson/gson-parent/2.8.0/gson-parent-2.8.0.pom
[INFO] Downloading from bstats-repo: https://repo.codemc.org/repository/maven-public/com/google/code/gson/gson-parent/2.8.0/gson-parent-2.8.0.pom
[INFO] Downloading from jitpack.io: https://jitpack.io/com/google/code/gson/gson-parent/2.8.0/gson-parent-2.8.0.pom
[INFO] Downloading from central: https://repo.maven.apache.org/maven2/com/google/code/gson/gson-parent/2.8.0/gson-parent-2.8.0.pom
[INFO] Downloaded from central: https://repo.maven.apache.org/maven2/com/google/code/gson/gson-parent/2.8.0/gson-parent-2.8.0.pom (3.5 kB at 158 kB/s)
[INFO] Downloading from spigot-repo: https://hub.spigotmc.org/nexus/content/repositories/snapshots/net/md-5/bungeecord-chat/1.16-R0.3/bungeecord-chat-1.16-R0.3.pom
[INFO] Downloading from bstats-repo: https://repo.codemc.org/repository/maven-public/net/md-5/bungeecord-chat/1.16-R0.3/bungeecord-chat-1.16-R0.3.pom
[INFO] Downloading from jitpack.io: https://jitpack.io/net/md-5/bungeecord-chat/1.16-R0.3/bungeecord-chat-1.16-R0.3.pom
[INFO] Downloading from central: https://repo.maven.apache.org/maven2/net/md-5/bungeecord-chat/1.16-R0.3/bungeecord-chat-1.16-R0.3.pom
[INFO] Downloaded from central: https://repo.maven.apache.org/maven2/net/md-5/bungeecord-chat/1.16-R0.3/bungeecord-chat-1.16-R0.3.pom (978 B at 54 kB/s)
[INFO] Downloading from spigot-repo: https://hub.spigotmc.org/nexus/content/repositories/snapshots/net/md-5/bungeecord-parent/1.16-R0.3/bungeecord-parent-1.16-R0.3.pom
[INFO] Downloading from bstats-repo: https://repo.codemc.org/repository/maven-public/net/md-5/bungeecord-parent/1.16-R0.3/bungeecord-parent-1.16-R0.3.pom
[INFO] Downloading from jitpack.io: https://jitpack.io/net/md-5/bungeecord-parent/1.16-R0.3/bungeecord-parent-1.16-R0.3.pom
[INFO] Downloading from central: https://repo.maven.apache.org/maven2/net/md-5/bungeecord-parent/1.16-R0.3/bungeecord-parent-1.16-R0.3.pom
[INFO] Downloaded from central: https://repo.maven.apache.org/maven2/net/md-5/bungeecord-parent/1.16-R0.3/bungeecord-parent-1.16-R0.3.pom (10 kB at 515 kB/s)
[INFO] Downloading from spigot-repo: https://hub.spigotmc.org/nexus/content/repositories/snapshots/org/yaml/snakeyaml/1.26/snakeyaml-1.26.pom
[INFO] Downloading from bstats-repo: https://repo.codemc.org/repository/maven-public/org/yaml/snakeyaml/1.26/snakeyaml-1.26.pom
[INFO] Downloading from jitpack.io: https://jitpack.io/org/yaml/snakeyaml/1.26/snakeyaml-1.26.pom
[INFO] Downloading from central: https://repo.maven.apache.org/maven2/org/yaml/snakeyaml/1.26/snakeyaml-1.26.pom
[INFO] Downloaded from central: https://repo.maven.apache.org/maven2/org/yaml/snakeyaml/1.26/snakeyaml-1.26.pom (38 kB at 1.7 MB/s)
[INFO] Downloading from spigot-repo: https://hub.spigotmc.org/nexus/content/repositories/snapshots/com/github/TheBusyBiscuit/Slimefun4/a810458345/Slimefun4-a810458345.pom
[INFO] Downloading from bstats-repo: https://repo.codemc.org/repository/maven-public/com/github/TheBusyBiscuit/Slimefun4/a810458345/Slimefun4-a810458345.pom
[INFO] Downloading from jitpack.io: https://jitpack.io/com/github/TheBusyBiscuit/Slimefun4/a810458345/Slimefun4-a810458345.pom
[INFO] Downloaded from jitpack.io: https://jitpack.io/com/github/TheBusyBiscuit/Slimefun4/a810458345/Slimefun4-a810458345.pom (13 kB at 80 kB/s)
[INFO] Downloading from spigot-repo: https://hub.spigotmc.org/nexus/content/repositories/snapshots/com/github/TheBusyBiscuit/CS-CoreLib/v1.6.1/CS-CoreLib-v1.6.1.pom
[INFO] Downloading from bstats-repo: https://repo.codemc.org/repository/maven-public/com/github/TheBusyBiscuit/CS-CoreLib/v1.6.1/CS-CoreLib-v1.6.1.pom
[INFO] Downloading from jitpack.io: https://jitpack.io/com/github/TheBusyBiscuit/CS-CoreLib/v1.6.1/CS-CoreLib-v1.6.1.pom
[INFO] Downloaded from jitpack.io: https://jitpack.io/com/github/TheBusyBiscuit/CS-CoreLib/v1.6.1/CS-CoreLib-v1.6.1.pom (9.4 kB at 97 kB/s)
[WARNING] The POM for com.github.TheBusyBiscuit:CS-CoreLib:jar:v1.6.1 is invalid, transitive dependencies (if any) will not be available, enable debug logging for more details
[INFO] Downloading from spigot-repo: https://hub.spigotmc.org/nexus/content/repositories/snapshots/com/google/code/findbugs/jsr305/3.0.2/jsr305-3.0.2.pom
[INFO] Downloading from bstats-repo: https://repo.codemc.org/repository/maven-public/com/google/code/findbugs/jsr305/3.0.2/jsr305-3.0.2.pom
[INFO] Downloading from jitpack.io: https://jitpack.io/com/google/code/findbugs/jsr305/3.0.2/jsr305-3.0.2.pom
[INFO] Downloading from central: https://repo.maven.apache.org/maven2/com/google/code/findbugs/jsr305/3.0.2/jsr305-3.0.2.pom
[INFO] Downloaded from central: https://repo.maven.apache.org/maven2/com/google/code/findbugs/jsr305/3.0.2/jsr305-3.0.2.pom (4.3 kB at 214 kB/s)
[INFO] Downloading from spigot-repo: https://hub.spigotmc.org/nexus/content/repositories/snapshots/org/projectlombok/lombok/1.18.12/lombok-1.18.12.pom
[INFO] Downloading from bstats-repo: https://repo.codemc.org/repository/maven-public/org/projectlombok/lombok/1.18.12/lombok-1.18.12.pom
[INFO] Downloading from jitpack.io: https://jitpack.io/org/projectlombok/lombok/1.18.12/lombok-1.18.12.pom
[INFO] Downloading from central: https://repo.maven.apache.org/maven2/org/projectlombok/lombok/1.18.12/lombok-1.18.12.pom
[INFO] Downloaded from central: https://repo.maven.apache.org/maven2/org/projectlombok/lombok/1.18.12/lombok-1.18.12.pom (1.5 kB at 78 kB/s)
[INFO] Downloading from spigot-repo: https://hub.spigotmc.org/nexus/content/repositories/snapshots/org/bstats/bstats-bukkit/1.7/bstats-bukkit-1.7.pom
[INFO] Downloading from bstats-repo: https://repo.codemc.org/repository/maven-public/org/bstats/bstats-bukkit/1.7/bstats-bukkit-1.7.pom
[INFO] Downloading from jitpack.io: https://jitpack.io/org/bstats/bstats-bukkit/1.7/bstats-bukkit-1.7.pom
[INFO] Downloading from central: https://repo.maven.apache.org/maven2/org/bstats/bstats-bukkit/1.7/bstats-bukkit-1.7.pom
[INFO] Downloading from spigot-repo: https://hub.spigotmc.org/nexus/content/repositories/snapshots/com/github/xmikux/extrautils/4608dbc/extrautils-4608dbc.pom
[INFO] Downloading from bstats-repo: https://repo.codemc.org/repository/maven-public/com/github/xmikux/extrautils/4608dbc/extrautils-4608dbc.pom
[INFO] Downloading from jitpack.io: https://jitpack.io/com/github/xmikux/extrautils/4608dbc/extrautils-4608dbc.pom
[INFO] Downloaded from jitpack.io: https://jitpack.io/com/github/xmikux/extrautils/4608dbc/extrautils-4608dbc.pom (3.0 kB at 59 kB/s)
[INFO] ------------------------------------------------------------------------
[INFO] BUILD FAILURE
[INFO] ------------------------------------------------------------------------
[INFO] Total time:  4.375 s
[INFO] Finished at: 2021-01-21T07:24:37Z
[INFO] ------------------------------------------------------------------------
[ERROR] Failed to execute goal on project LiteXpansion: Could not resolve dependencies for project dev.j3fftw:LiteXpansion:jar:EFI - 22 (git 91a9487e): Failed to collect dependencies at org.bstats:bstats-bukkit:jar:1.7: Failed to read artifact descriptor for org.bstats:bstats-bukkit:jar:1.7: Could not transfer artifact org.bstats:bstats-bukkit:pom:1.7 from/to bstats-repo (https://repo.codemc.org/repository/maven-public): Transfer failed for https://repo.codemc.org/repository/maven-public/org/bstats/bstats-bukkit/1.7/bstats-bukkit-1.7.pom: Unknown host repo.codemc.org -> [Help 1]
[ERROR] 
[ERROR] To see the full stack trace of the errors, re-run Maven with the -e switch.
[ERROR] Re-run Maven using the -X switch to enable full debug logging.
[ERROR] 
[ERROR] For more information about the errors and possible solutions, please read the following articles:
[ERROR] [Help 1] http://cwiki.apache.org/confluence/display/MAVEN/DependencyResolutionException
