[INFO] Scanning for projects...
[INFO] 
[INFO] --------------------< io.github.mooy1:SimpleUtils >---------------------
[INFO] Building SimpleUtils EFI - 6 (git 99f36df9)
[INFO] --------------------------------[ jar ]---------------------------------
[INFO] Downloading from spigot-repo: https://hub.spigotmc.org/nexus/content/repositories/snapshots/com/github/TheBusyBiscuit/Slimefun4/RC-21/Slimefun4-RC-21.pom
[INFO] Downloading from jitpack.io: https://jitpack.io/com/github/TheBusyBiscuit/Slimefun4/RC-21/Slimefun4-RC-21.pom
[INFO] Downloaded from jitpack.io: https://jitpack.io/com/github/TheBusyBiscuit/Slimefun4/RC-21/Slimefun4-RC-21.pom (13 kB at 39 kB/s)
[INFO] Downloading from spigot-repo: https://hub.spigotmc.org/nexus/content/repositories/snapshots/io/github/xMikux/InfinityLib/d6dbf58/InfinityLib-d6dbf58.pom
[INFO] Downloading from jitpack.io: https://jitpack.io/io/github/xMikux/InfinityLib/d6dbf58/InfinityLib-d6dbf58.pom
[INFO] Downloaded from jitpack.io: https://jitpack.io/io/github/xMikux/InfinityLib/d6dbf58/InfinityLib-d6dbf58.pom (3.7 kB at 15 kB/s)
[INFO] Downloading from spigot-repo: https://hub.spigotmc.org/nexus/content/repositories/snapshots/com/github/TheBusyBiscuit/Slimefun4/RC-21/Slimefun4-RC-21.jar
[INFO] Downloading from spigot-repo: https://hub.spigotmc.org/nexus/content/repositories/snapshots/io/github/xMikux/InfinityLib/d6dbf58/InfinityLib-d6dbf58.jar
[INFO] Downloading from jitpack.io: https://jitpack.io/com/github/TheBusyBiscuit/Slimefun4/RC-21/Slimefun4-RC-21.jar
[INFO] Downloading from jitpack.io: https://jitpack.io/io/github/xMikux/InfinityLib/d6dbf58/InfinityLib-d6dbf58.jar
[INFO] Downloaded from jitpack.io: https://jitpack.io/io/github/xMikux/InfinityLib/d6dbf58/InfinityLib-d6dbf58.jar (82 kB at 203 kB/s)
[INFO] Downloaded from jitpack.io: https://jitpack.io/com/github/TheBusyBiscuit/Slimefun4/RC-21/Slimefun4-RC-21.jar (4.2 MB at 7.8 MB/s)
[INFO] 
[INFO] --- maven-clean-plugin:2.5:clean (default-clean) @ SimpleUtils ---
[INFO] 
[INFO] --- maven-resources-plugin:2.6:resources (default-resources) @ SimpleUtils ---
[INFO] Using 'UTF-8' encoding to copy filtered resources.
[INFO] Copying 2 resources
[INFO] Copying 1 resource
[INFO] 
[INFO] --- maven-compiler-plugin:3.1:compile (default-compile) @ SimpleUtils ---
[INFO] Changes detected - recompiling the module!
[INFO] Compiling 8 source files to /home/runner/work/builds/builds/xMikux/SimpleUtils/master/files/target/classes
[INFO] 
[INFO] --- maven-resources-plugin:2.6:testResources (default-testResources) @ SimpleUtils ---
[INFO] Using 'UTF-8' encoding to copy filtered resources.
[INFO] skip non existing resourceDirectory /home/runner/work/builds/builds/xMikux/SimpleUtils/master/files/src/test/resources
[INFO] 
[INFO] --- maven-compiler-plugin:3.1:testCompile (default-testCompile) @ SimpleUtils ---
[INFO] No sources to compile
[INFO] 
[INFO] --- maven-surefire-plugin:2.12.4:test (default-test) @ SimpleUtils ---
[INFO] No tests to run.
[INFO] 
[INFO] --- maven-jar-plugin:2.4:jar (default-jar) @ SimpleUtils ---
[INFO] Building jar: /home/runner/work/builds/builds/xMikux/SimpleUtils/master/files/target/SimpleUtils-6.jar
[INFO] 
[INFO] --- maven-shade-plugin:3.1.0:shade (default) @ SimpleUtils ---
[INFO] Including io.github.xMikux:InfinityLib:jar:d6dbf58 in the shaded jar.
[INFO] Replacing original artifact with shaded artifact.
[INFO] Replacing /home/runner/work/builds/builds/xMikux/SimpleUtils/master/files/target/SimpleUtils-6.jar with /home/runner/work/builds/builds/xMikux/SimpleUtils/master/files/target/SimpleUtils-EFI - 6 (git 99f36df9)-shaded.jar
[INFO] Dependency-reduced POM written at: /home/runner/work/builds/builds/xMikux/SimpleUtils/master/files/dependency-reduced-pom.xml
[INFO] ------------------------------------------------------------------------
[INFO] BUILD SUCCESS
[INFO] ------------------------------------------------------------------------
[INFO] Total time:  5.760 s
[INFO] Finished at: 2021-05-08T16:53:57Z
[INFO] ------------------------------------------------------------------------
