[INFO] Scanning for projects...
[INFO] 
[INFO] -------------< io.github.thebusybiscuit:SlimefunOreChunks >-------------
[INFO] Building SlimefunOreChunks EFI - 3 (git d065b3a0)
[INFO] --------------------------------[ jar ]---------------------------------
[INFO] 
[INFO] --- maven-clean-plugin:2.5:clean (default-clean) @ SlimefunOreChunks ---
[INFO] 
[INFO] --- maven-resources-plugin:2.6:resources (default-resources) @ SlimefunOreChunks ---
[INFO] Using 'UTF-8' encoding to copy filtered resources.
[INFO] Copying 1 resource
[INFO] 
[INFO] --- maven-compiler-plugin:3.1:compile (default-compile) @ SlimefunOreChunks ---
[INFO] Changes detected - recompiling the module!
[INFO] Compiling 3 source files to /home/runner/work/builds/builds/xMikux/SlimefunOreChunks/master/files/target/classes
[INFO] 
[INFO] --- maven-resources-plugin:2.6:testResources (default-testResources) @ SlimefunOreChunks ---
[INFO] Using 'UTF-8' encoding to copy filtered resources.
[INFO] skip non existing resourceDirectory /home/runner/work/builds/builds/xMikux/SlimefunOreChunks/master/files/src/test/resources
[INFO] 
[INFO] --- maven-compiler-plugin:3.1:testCompile (default-testCompile) @ SlimefunOreChunks ---
[INFO] No sources to compile
[INFO] 
[INFO] --- maven-surefire-plugin:2.12.4:test (default-test) @ SlimefunOreChunks ---
[INFO] No tests to run.
[INFO] 
[INFO] --- maven-jar-plugin:2.4:jar (default-jar) @ SlimefunOreChunks ---
[INFO] Building jar: /home/runner/work/builds/builds/xMikux/SlimefunOreChunks/master/files/target/SlimefunOreChunks-3.jar
[INFO] 
[INFO] --- maven-shade-plugin:3.2.4:shade (default) @ SlimefunOreChunks ---
[INFO] Including org.bstats:bstats-bukkit:jar:1.7 in the shaded jar.
[INFO] Replacing original artifact with shaded artifact.
[INFO] Replacing /home/runner/work/builds/builds/xMikux/SlimefunOreChunks/master/files/target/SlimefunOreChunks-3.jar with /home/runner/work/builds/builds/xMikux/SlimefunOreChunks/master/files/target/SlimefunOreChunks-EFI - 3 (git d065b3a0)-shaded.jar
[INFO] Dependency-reduced POM written at: /home/runner/work/builds/builds/xMikux/SlimefunOreChunks/master/files/dependency-reduced-pom.xml
[INFO] ------------------------------------------------------------------------
[INFO] BUILD SUCCESS
[INFO] ------------------------------------------------------------------------
[INFO] Total time:  2.568 s
[INFO] Finished at: 2020-11-25T13:35:25Z
[INFO] ------------------------------------------------------------------------
